<?xml version="1.0" encoding="UTF-8"?>
<!-- Generated by org.testng.reporters.JUnitReportReporter -->
<testsuite skipped="0" hostname="LAPTOP-FDRN7VTA" name="subscription.PlanValidationTest" tests="3" failures="0" timestamp="2023-05-04T17:18:56 IST" time="17.385" errors="0">
  <testcase name="validatePlanPriceCurrencyForCountry" time="5.666" classname="subscription.PlanValidationTest"/>
  <system-out/>
  <testcase name="validatePlanPriceCurrencyForCountry" time="5.712" classname="subscription.PlanValidationTest"/>
  <system-out/>
  <testcase name="validatePlanPriceCurrencyForCountry" time="6.007" classname="subscription.PlanValidationTest"/>
  <system-out/>
</testsuite> <!-- subscription.PlanValidationTest -->
