<?xml version="1.0" encoding="UTF-8"?>
<!-- Generated by org.testng.reporters.JUnitReportReporter -->
<testsuite skipped="0" hostname="LAPTOP-FDRN7VTA" name="subscription.PlanValidationTest" tests="3" failures="0" timestamp="2023-05-04T16:24:19 IST" time="15.430" errors="0">
  <testcase name="validatePlanPriceCurrencyForCountry" time="5.534" classname="subscription.PlanValidationTest"/>
  <system-out/>
  <testcase name="validatePlanPriceCurrencyForCountry" time="4.606" classname="subscription.PlanValidationTest"/>
  <system-out/>
  <testcase name="validatePlanPriceCurrencyForCountry" time="5.290" classname="subscription.PlanValidationTest"/>
  <system-out/>
</testsuite> <!-- subscription.PlanValidationTest -->
