<?xml version="1.0" encoding="UTF-8"?>
<!-- Generated by org.testng.reporters.JUnitReportReporter -->
<testsuite skipped="1" hostname="LAPTOP-FDRN7VTA" name="subscription.PlanValidation" tests="1" failures="0" timestamp="2023-05-04T13:29:56 IST" time="0.000" errors="0">
  <testcase name="validatePlanPriceCurrencyForSaudiarabia" time="0.000" classname="subscription.PlanValidation">
    <skipped/>
  </testcase> <!-- validatePlanPriceCurrencyForSaudiarabia -->
  <system-out/>
</testsuite> <!-- subscription.PlanValidation -->
