<?xml version="1.0" encoding="UTF-8"?>
<!-- Generated by org.testng.reporters.JUnitReportReporter -->
<testsuite hostname="LAPTOP-FDRN7VTA" failures="0" tests="1" name="subscription.NewTest" time="2.640" errors="0" timestamp="2023-12-21T12:10:58 IST" skipped="0">
  <testcase classname="subscription.NewTest" name="f" time="2.640"/>
  <system-out/>
</testsuite> <!-- subscription.NewTest -->
